libxconfd.so init() called!
****************************************************************************************************
*VERSION: CERTUSNET_NR_1.8 COMMIT_ID: 15ea78a USER_NAME: sunbo BUILD_TIME: 2020-04-10 16:27:13
****************************************************************************************************
[17/04/2020 05:27:31.845471][MEM][TRC][ngp_data_pool.h:734]Mem config parsed 
[17/04/2020 05:27:34.267118][OAM_AGENT][TRC][oam_agent_mo.cpp:114]oam_agent init finish with vector mo num:  25 scalar mo num:  6 
[17/04/2020 05:27:34.267273][OAM_AGENT][TRC][oam_agent_xconfd_adapter.cpp:366]oam_debug info set current state:  0 
[17/04/2020 05:27:34.269451][OAM_AGENT][TRC][oam_agent_xconfd_adapter.cpp:366]oam_debug info set current state:  1 
[17/04/2020 05:27:34.269534][OAM_AGENT][TRC][oam_agent_xconfd_adapter.cpp:314]#####Confd reg callback done##### 
[17/04/2020 05:27:34.400807][OAM_AGENT][TRC][oam_agent_mo.cpp:584]oam_debug info set current state:  1 
[17/04/2020 05:27:34.400817][OAM_AGENT][TRC][oam_agent_mo.cpp:604]oam_debug info down load finish start service thread. 
[17/04/2020 05:27:34.400821][OAM_AGENT][TRC][oam_agent_xconfd_adapter.cpp:366]oam_debug info set current state:  2 

*   cu data model version check is success   
[17/04/2020 05:27:34.401449][STHREAD][INF][ngp_sys_thread.cpp:276]Policy : SCHED_RR 
[17/04/2020 05:27:34.401542][STHREAD][INF][ngp_sys_thread.cpp:276]Policy : SCHED_RR 
[17/04/2020 05:27:34.401633][STHREAD][INF][ngp_sys_thread.cpp:276]Policy : SCHED_RR 
[17/04/2020 05:27:34.401724][STHREAD][INF][ngp_sys_thread.cpp:276]Policy : SCHED_RR 
[17/04/2020 05:27:34.401801][STHREAD][INF][ngp_sys_thread.cpp:276]Policy : SCHED_RR 
[17/04/2020 05:27:34.401897][STHREAD][INF][ngp_sys_thread.cpp:276]Policy : SCHED_RR 
[17/04/2020 05:27:34.402035][STHREAD][INF][ngp_sys_thread.cpp:276]Policy : SCHED_RR 
[17/04/2020 05:27:34.402150][STHREAD][INF][ngp_sys_thread.cpp:276]Policy : SCHED_RR 
[17/04/2020 05:27:34.402232][STHREAD][INF][ngp_sys_thread.cpp:276]Policy : SCHED_RR 
[17/04/2020 05:27:34.402332][SCTP][TRC][ngp_sctp_epoll.h:405]Running SCTP server 
[17/04/2020 05:27:34.402416][STHREAD][INF][ngp_sys_thread.cpp:276]Policy : SCHED_RR 
[17/04/2020 05:27:34.402852][OAM_AGENT][TRC][oam_agent.cpp:485]there has no XNITF config 
[17/04/2020 05:27:34.402976][OAM_AGENT][TRC][oam_agent.cpp:1234]get cell:  1 's intrafreq cell neigbour with num:  0  with A3 event cfg:  1  with measmeasobjectfg cfg:  0 
[17/04/2020 05:27:34.403008][OAM_AGENT][TRC][oam_agent_mo.cpp:584]oam_debug info set current state:  2 
[17/04/2020 05:27:34.403398][STHREAD][INF][ngp_sys_thread.cpp:276]Policy : SCHED_RR 
[17/04/2020 05:27:34.403531][OAM_AGENT][TRC][gnb_mgr_db.cpp:602]store_cell_config: a3measurecfg.size:  1 nr_neighbour_cells.size:  0 measobjectfg.size:  0 
#############################################################################################################################
                  PDCP RX [0] STATISTICS
#############################################################################################################################
#############################################################################################################################
                  PDCP TX [0] STATISTICS
#############################################################################################################################
#############################################################################################################################
                  SDAP RX [0] STATISTICS
#############################################################################################################################
#############################################################################################################################
                  SDAP TX [0] STATISTICS
#############################################################################################################################
#############################################################################################################################
                  SDAP TX INST UE STATISTICS
#############################################################################################################################

#############################################################################################################################
                  EGTPU UPPER RX [0] STATISTICS
#############################################################################################################################
#############################################################################################################################
                  EGTPU LOWER TX [0] STATISTICS
#############################################################################################################################
#############################################################################################################################
                  EGTPU LOWER RX [0] STATISTICS
#############################################################################################################################
#############################################################################################################################
                  EGTPU UPPER TX [0] STATISTICS
#############################################################################################################################
#############################################################################################################################
                  PDCP RX [0] STATISTICS
#############################################################################################################################
#############################################################################################################################
                  PDCP TX [0] STATISTICS
#############################################################################################################################
#############################################################################################################################
                  SDAP RX [0] STATISTICS
#############################################################################################################################
#############################################################################################################################
                  SDAP TX [0] STATISTICS
#############################################################################################################################
#############################################################################################################################
                  SDAP TX INST UE STATISTICS
#############################################################################################################################

#############################################################################################################################
                  EGTPU UPPER RX [0] STATISTICS
#############################################################################################################################
#############################################################################################################################
                  EGTPU LOWER TX [0] STATISTICS
#############################################################################################################################
#############################################################################################################################
                  EGTPU LOWER RX [0] STATISTICS
#############################################################################################################################
#############################################################################################################################
                  EGTPU UPPER TX [0] STATISTICS
#############################################################################################################################
#############################################################################################################################
                  PDCP RX [0] STATISTICS
#############################################################################################################################
#############################################################################################################################
                  PDCP TX [0] STATISTICS
#############################################################################################################################
#############################################################################################################################
                  SDAP RX [0] STATISTICS
#############################################################################################################################
#############################################################################################################################
                  SDAP TX [0] STATISTICS
#############################################################################################################################
#############################################################################################################################
                  SDAP TX INST UE STATISTICS
#############################################################################################################################

#############################################################################################################################
                  EGTPU UPPER RX [0] STATISTICS
#############################################################################################################################
#############################################################################################################################
                  EGTPU LOWER TX [0] STATISTICS
#############################################################################################################################
#############################################################################################################################
                  EGTPU LOWER RX [0] STATISTICS
#############################################################################################################################
#############################################################################################################################
                  EGTPU UPPER TX [0] STATISTICS
#############################################################################################################################
[17/04/2020 05:28:07.106804][SCTP][TRC][ngp_sctp_epoll.h:547]Notification Rcvd on Assoc Id :  0 
[17/04/2020 05:28:07.106821][SCTP][INF][ngp_sctp.cpp:171]SCTP_ASSOC_UP 
[17/04/2020 05:28:07.181932][STHREAD][INF][ngp_sys_thread.cpp:276]Policy : SCHED_RR 
[17/04/2020 05:28:07.186072][SCTP][TRC][ngp_sctp_epoll.h:1237]Connected to Peer. FD :  29 
[17/04/2020 05:28:07.186095][SCTP][TRC][ngp_sctp.cpp:387]SCTP_ASSOC_UP 
[17/04/2020 05:28:07.186107][SCTP][TRC][ngp_sctp_epoll.h:1339]SCTP Notification Received at client 
