[METADATA]
EPOCH = 17/04/2020 05:27:34.403394
[LOGS]
[17/04/2020 05:27:34.226002][APP][version.h][37][TRC] VERSION: CERTUSNET_NR_1.8 COMMIT_ID: 15ea78a USER_NAME: sunbo BUILD_TIME: 2020-0
[17/04/2020 05:27:34.400835][APP][app_cntrl.cpp][186][TRC] cu data model version check is success
[17/04/2020 05:27:34.401086][PDCP_C_CNTRL][pdcp_c_db.h][719][TRC] PDCP_C_INIT_SUCCESS:MAX_SRBS:2562
[17/04/2020 05:27:34.401111][PDCP_RX_CNTRL][pdcp_db.h][3600][TRC] PDCP_INIT_SUCCESS:MAX_RBS:5124
[17/04/2020 05:27:34.401135][SDAP_RX_CNTRL][sdap_db.h][1085][TRC] SDAP_INIT_SUCCESS:MAX_PDU_SESSIONS:1281
[17/04/2020 05:27:34.401173][EGTPU_COMMON][egtpu_db.h][711][TRC] EGTPU_INIT_COMPLETE:MAX_TUNNELS:5124
[17/04/2020 05:27:34.401211][EGTPU_COMMON][egtpu_db.h][711][TRC] EGTPU_INIT_COMPLETE:MAX_TUNNELS:5124
[17/04/2020 05:27:34.401237][BEARER_MGR][bearer_mgr_db.h][1010][TRC] BEARER_MGR_INIT_COMPLETE
[17/04/2020 05:27:34.401275][UE_CONN_MGR][ue_conn_mgr_db.h][2283][TRC] UE_CONN_MGR_INIT_COMPLETE
[17/04/2020 05:27:34.401456][APP][app_cntrl.cpp][499][TRC] COMMON_CNTRL_THREAD_CREATED:THREAD_ID:1
[17/04/2020 05:27:34.401547][APP][app_cntrl.cpp][508][TRC] SCTP_CNTRL_THREAD_CREATED:THREAD_ID:2
[17/04/2020 05:27:34.401553][PDCP_C_CNTRL][pdcp_c_cntrl.cpp][145][TRC] PDCP_C_INST_INIT_SUCCESS
[17/04/2020 05:27:34.401637][APP][app_cntrl.cpp][650][TRC] UE_CNTRL_THREAD_CREATED:THREAD_ID:3
[17/04/2020 05:27:34.401729][APP][app_cntrl.cpp][666][TRC] RM_THREAD_CREATED:THREAD_ID:4
[17/04/2020 05:27:34.401806][APP][app_cntrl.cpp][750][TRC] UDP_RX_DL_THREAD_CREATED:UDP_RX_DL_THREAD_ID:5
[17/04/2020 05:27:34.401842][UDP_RX][udp_rx_dl.cpp][258][TRC] SOCKET_SUCCESSFULLY_CREATED_ON_UDP_RX_DL
[17/04/2020 05:27:34.401902][APP][app_cntrl.cpp][847][TRC] UDP_RX_UL_THREAD_CREATED:UDP_RX_UL_THREAD_ID:6
[17/04/2020 05:27:34.401910][EGTPU_COMMON][egtpu_db.h][730][TRC] EGTPU_UPPER_RX_INST_ADDED:EGTPU_UPPER_RX_INST_ID:0
[17/04/2020 05:27:34.401913][UDP_RX][udp_rx_ul.cpp][260][TRC] SOCKET_SUCCESSFULLY_CREATED_ON_UDP_RX_UL
[17/04/2020 05:27:34.401914][PDCP_TX_CNTRL][pdcp_cntrl.cpp][156][TRC] PDCP_TX_INST_INIT_SUCCESS:PDCP_TX_INST_ID:0
[17/04/2020 05:27:34.401916][EGTPU_COMMON][egtpu_db.h][737][TRC] EGTPU_LOWER_TX_INST_ADDED:EGTPU_LOWER_TX_INST_ID:0
[17/04/2020 05:27:34.402040][APP][app_cntrl.cpp][930][TRC] DL_THREAD_CREATED:THREAD_ID:7
[17/04/2020 05:27:34.402087][SDAP_TX_CNTRL][sdap_cntrl.cpp][127][TRC] SDAP_TX_INST_INIT_SUCCESS:SDAP_TX_INST_ID:0
[17/04/2020 05:27:34.402090][EGTPU_COMMON][egtpu_db.h][723][TRC] EGTPU_UPPER_TX_INST_ADDED:EGTPU_UPPER_TX_INST_ID:0
[17/04/2020 05:27:34.402092][SDAP_RX_CNTRL][sdap_cntrl.cpp][160][TRC] SDAP_RX_INST_INIT_SUCCESS:SDAP_RX_INST_ID:0
[17/04/2020 05:27:34.402095][PDCP_RX_CNTRL][pdcp_cntrl.cpp][220][TRC] PDCP_RX_INST_INIT_SUCCESS:PDCP_RX_INST_ID:0
[17/04/2020 05:27:34.402097][EGTPU_COMMON][egtpu_db.h][744][TRC] EGTPU_LOWER_RX_INST_ADDED:EGTPU_LOWER_RX_INST_ID:0
[17/04/2020 05:27:34.402154][APP][app_cntrl.cpp][1011][TRC] UL_THREAD_CREATED:THREAD_ID:8
[17/04/2020 05:27:34.402424][APP][app_cntrl.cpp][566][TRC] OAM_AGENT_THREAD_CREATED:THREAD_ID:10
[17/04/2020 05:27:34.402839][OAM_AGENT][oam_agent_reader.cpp][482][TRC] OAM_AGENT_READ_CONFIG_STARTED
[17/04/2020 05:27:34.402913][OAM_AGENT][oam_agent_reader.cpp][438][TRC] GNB_LOGGING_CONFIG_LOADED
[17/04/2020 05:27:34.402922][OAM_AGENT][oam_agent.cpp][919][TRC] NGP_LOGGING_CONFIG_LOADED
[17/04/2020 05:27:34.402957][OAM_AGENT][oam_agent.cpp][1073][TRC] DU_CONFIG_LOADED
[17/04/2020 05:27:34.402998][OAM_AGENT][oam_agent.cpp][1381][TRC] CELL_CONFIG_LOADED
[17/04/2020 05:27:34.403002][OAM_AGENT][oam_agent.cpp][991][TRC] AMF_CONFIG_LOADED
[17/04/2020 05:27:34.403003][OAM_AGENT][oam_agent_reader.cpp][535][TRC] OAM_AGENT_READ_CONFIG_COMPLETED
[17/04/2020 05:27:34.403026][APP][common_cntrl_thread.cpp][118][TRC] OAM_GNB_CONFIG_REQ_RECEIVED:INT_MSG_RX_TS_CYCLE:6488218868378770:SRC_OAM_AGENT:1:DST_GNB_MGR:3:APP_GNB_ID:1
[17/04/2020 05:27:34.403405][APP][app_cntrl_logging.cpp][363][TRC] GNB_AND_NGP_LOGGING_CONFIGRED
[17/04/2020 05:27:34.403521][GNB_MGR][gnb_mgr_db.cpp][734][TRC] SLICE_CONFIG_ADDED:TAC:1
[17/04/2020 05:27:34.403552][APP][dl_thread.cpp][117][TRC] EGTPU_UPPER_CONFIG_REQ_RECEIVED:INT_MSG_RX_TS_CYCLE:6488218869640610:SRC_GNB_MGR:3:DST_EGTPU_UPPER_RX:12
[17/04/2020 05:27:34.403575][APP][common_cntrl_thread.cpp][366][TRC] EGTPU_UPPER_CONFIG_RSP_RECEIVED:INT_MSG_RX_TS_CYCLE:6488218869699056:SRC_EGTPU_UPPER_RX:12:DST_GNB_MGR:3
[17/04/2020 05:27:34.403592][APP][ul_thread.cpp][117][TRC] EGTPU_LOWER_CONFIG_REQ_RECEIVED:INT_MSG_RX_TS_CYCLE:6488218869737528:SRC_GNB_MGR:3:DST_EGTPU_LOWER_RX:16
[17/04/2020 05:27:34.403610][APP][common_cntrl_thread.cpp][353][TRC] EGTPU_LOWER_CONFIG_RSP_RECEIVED:INT_MSG_RX_TS_CYCLE:6488218869780868:SRC_EGTPU_LOWER_RX:16:DST_GNB_MGR:3
[17/04/2020 05:27:34.403619][APP][rm_thread.cpp][692][TRC] RM_UP_COMMON_CONFIG_REQ_RECEIVED:INT_MSG_RX_TS_CYCLE:6488218869804060:SRC_GNB_MGR:3:DST_RM:4
[17/04/2020 05:27:34.403638][APP][rm_thread.cpp][697][TRC] RM_UP_COMMON_CONFIG_REQ_PROCESSED:INT_MSG_RX_TS_CYCLE:6488218869848690:SRC_GNB_MGR:3:DST_RM:4
[17/04/2020 05:27:34.403640][APP][common_cntrl_thread.cpp][145][TRC] RM_UP_COMMON_CONFIG_RSP_RECEIVED:INT_MSG_RX_TS_CYCLE:6488218869855036:SRC_RM:4:DST_GNB_MGR:3
[17/04/2020 05:27:34.403648][APP][rm_thread.cpp][709][TRC] RM_TRANSPORT_RESOURCE_CONFIG_REQ_RECEIVED:INT_MSG_RX_TS_CYCLE:6488218869874240:SRC_GNB_MGR:3:DST_RM:4
[17/04/2020 05:27:34.522930][RM][rm_msg_hdlr.cpp][133][TRC] SENDING_TRANSPORT_RESOURCE_CONFIG_RSP
[17/04/2020 05:27:34.522942][APP][rm_thread.cpp][714][TRC] RM_TRANSPORT_RESOURCE_CONFIG_REQ_PROCESSED:INT_MSG_RX_TS_CYCLE:6488219155497228:SRC_GNB_MGR:3:DST_RM:4
[17/04/2020 05:27:34.522948][APP][common_cntrl_thread.cpp][158][TRC] RM_TRANSPORT_RESOURCE_CONFIG_RSP_RECEIVED:INT_MSG_RX_TS_CYCLE:6488219155509922:SRC_RM:4:DST_GNB_MGR:3
[17/04/2020 05:27:34.522964][APP][rm_thread.cpp][673][TRC] RM_GNB_CONFIG_REQ_RECEIVED:INT_MSG_RX_TS_CYCLE:6488219155551012:SRC_GNB_MGR:3:DST_RM:4
[17/04/2020 05:27:34.522975][RM][rm_msg_hdlr.cpp][151][TRC] SENDING_RM_GNB_CONFIG_RSP
[17/04/2020 05:27:34.522980][APP][rm_thread.cpp][678][TRC] RM_GNB_CONFIG_REQ_PROCESSED:INT_MSG_RX_TS_CYCLE:6488219155588490:SRC_GNB_MGR:3:DST_RM:4
[17/04/2020 05:27:34.522984][APP][common_cntrl_thread.cpp][130][TRC] RM_GNB_CONFIG_RSP_RECEIVED:INT_MSG_RX_TS_CYCLE:6488219155597740:SRC_RM:4:DST_GNB_MGR:3
[17/04/2020 05:27:34.523017][APP][sctp_cntrl_thread.cpp][116][TRC] SCTP_CONFIG_REQ_RECEIVED:INT_MSG_RX_TS_CYCLE:6488219155674938:SRC_GNB_MGR:3:DST_SCTP:7
[17/04/2020 05:27:34.523025][APP][common_cntrl_thread.cpp][381][TRC] SCTP_CONFIG_RSP_RECEIVED:INT_MSG_RX_TS_CYCLE:6488219155696292:SRC_SCTP:7:DST_GNB_MGR:3
[17/04/2020 05:27:34.523049][APP][sctp_cntrl_thread.cpp][129][TRC] SCTP_SERVER_SETUP_REQ_RECEIVED:INT_MSG_RX_TS_CYCLE:6488219155754344:SRC_GNB_MGR:3:DST_SCTP:7
[17/04/2020 05:27:34.523128][SCTP_CNTRL][sctp_cntrl_msg_hdlr.cpp][198][TRC] SCTP_F1_SERVER_CREATED:SCTP_THREAD_ID:9
[17/04/2020 05:27:34.523135][APP][common_cntrl_thread.cpp][394][TRC] SCTP_SERVER_SETUP_RSP_RECEIVED:INT_MSG_RX_TS_CYCLE:6488219155958976:SRC_SCTP:7:DST_GNB_MGR:3
[17/04/2020 05:27:34.523139][GNB_MGR][gnb_mgr_msg_hdlr.cpp][340][ERR] CREATE_NEIGHBOUR_FAILED_FOR_SCTP_USER_F1AP
[17/04/2020 05:28:07.106836][APP][common_cntrl_thread.cpp][420][TRC] SCTP_ASSOC_UP_IND_RECEIVED:EXT_MSG_RX_TS_CYCLE:6488297170801644:SRC_SCTP_RX:9:DST_GNB_MGR:3
[17/04/2020 05:28:07.107014][F1AP_CODEC][f1_msg_header.cpp][185][TRC] F1_MSG_ROUTING_INFO:F1_MSG_TYPE:0:IS_F1_MSG_UE_SPECIFIC:0
[17/04/2020 05:28:07.107021][APP][common_cntrl_thread.cpp][446][TRC] SCTP_COMMON_MSG_RX_IND_RECEIVED:EXT_MSG_RX_TS_CYCLE:6488297171246562:SRC_SCTP_RX:9:DST_GNB_MGR:3
[17/04/2020 05:28:07.107022][GNB_MGR][gnb_mgr_msg_hdlr.cpp][839][TRC] RECEIVED_F1AP_COMMON_MSG
[17/04/2020 05:28:07.107024][GNB_MGR][gnb_mgr_f1_msg.cpp][426][TRC] F1_SETUP_REQUEST_RECEIVED:GNB_MGR_DU_ID:1
[17/04/2020 05:28:07.181700][GNB_MGR][gnb_mgr_db.cpp][1756][TRC] GNB_MGR_ADD_REPORTED_SLICE_LIST
[17/04/2020 05:28:07.181703][GNB_MGR][gnb_mgr_db.cpp][1476][TRC] BROADCAST_PLMN_FOUND_IN_FIND_PLMN
[17/04/2020 05:28:07.181703][GNB_MGR][gnb_mgr_db.cpp][1495][TRC] SST_SD_SLICE_FOUND_IN_FIND_SLICE
[17/04/2020 05:28:07.181755][GNB_MGR][gnb_mgr_db.cpp][1622][TRC] GNB_MGR_SLICE_CONFIG_ADDED_TO_SLICE_LIST_IN_CREATE_SLICE_LIST_TAC_PRESENT:TAC:1
[17/04/2020 05:28:07.181782][APP][sctp_cntrl_thread.cpp][142][TRC] SCTP_CLIENT_SETUP_REQ_RECEIVED:INT_MSG_RX_TS_CYCLE:6488297350242218:SRC_GNB_MGR:3:DST_SCTP:7
[17/04/2020 05:28:07.181951][SCTP_CNTRL][sctp_cntrl_msg_hdlr.cpp][329][TRC] SCTP_NG_CLIENT_THREAD_CREATED:SCTP_THREAD_ID:11
[17/04/2020 05:28:07.182033][APP][common_cntrl_thread.cpp][407][TRC] SCTP_CLIENT_SETUP_RSP_RECEIVED:INT_MSG_RX_TS_CYCLE:6488297350845764:SRC_SCTP:7:DST_GNB_MGR:3
[17/04/2020 05:28:07.186113][APP][common_cntrl_thread.cpp][420][TRC] SCTP_ASSOC_UP_IND_RECEIVED:EXT_MSG_RX_TS_CYCLE:6488297360613706:SRC_SCTP_RX:9:DST_GNB_MGR:3
[17/04/2020 05:28:07.203661][GNB_MGR][gnb_mgr_db_amf.cpp][177][TRC] SENT_GNB_NG_SETUP_REQUEST
[17/04/2020 05:28:07.203664][APP][gnb_mgr_msg_comm.cpp][443][TRC] SCTP_MSG_TX_REQ_RECEIVED_IN_COMMON_CNTRL_THREAD:INT_MSG_RX_TS_CYCLE:6488297402635864:SRC_SCTP_TX:8:DST_SCTP_TX:8
[17/04/2020 05:28:07.203702][APP][gnb_mgr_msg_comm.cpp][462][TRC] SCTP_MSG_TX_REQ_PROCESSED_IN_COMMON_CNTRL_THREAD:INT_MSG_RX_TS_CYCLE:6488297402728216:SRC_SCTP_TX:8:DST_SCTP_TX:8
