[METADATA]
EPOCH = 17/04/2020 05:28:07.009925
[LOGS]
[17/04/2020 05:28:07.012219][DURRM][gnb_du_rrm.cpp][319][TRC] RRM_INIT
[17/04/2020 05:28:07.012253][DUMGR][app_cntrl.cpp][539][INF] DU_MGR_WORKER_THREAD_ADDED:DU_THRD_ID:16777217:DU_CORE_ID:7
[17/04/2020 05:28:07.012256][DUMGR][app_cntrl.cpp][539][INF] DU_MGR_WORKER_THREAD_ADDED:DU_THRD_ID:16777218:DU_CORE_ID:9
[17/04/2020 05:28:07.012677][DUMGR][app_cntrl.cpp][665][INF] DU_MGR_L2_LOG_THREAD_ADDED:DU_THRD_ID:655360:DU_CORE_ID:1
[17/04/2020 05:28:07.012767][DUMGR][app_cntrl.cpp][648][INF] DU_MGR_PHY_THREAD_ADDED:DU_THRD_ID:589824:DU_CORE_ID:5
[17/04/2020 05:28:07.012850][DUMGR][app_cntrl.cpp][561][INF] DU_MGR_CLI_THREAD_ADDED:DU_THRD_ID:458752:DU_CORE_ID:3
[17/04/2020 05:28:07.012911][DUMGR][gnb_du_oam_agent_thread.cpp][111][INF] DU_MGR_OAM_AGENT_THREAD_EXITED
[17/04/2020 05:28:07.012947][DUMGR][app_cntrl.cpp][578][INF] DU_MGR_OAM_THREAD_ADDED:DU_THRD_ID:458752:DU_CORE_ID:11
[17/04/2020 05:28:07.012950][DUMGR][gnb_du_main.cpp][205][TRC] EVT_OAM_START_REQUEST_SENT
[17/04/2020 05:28:07.012968][EVENT][gnb_du_oam_agent_msg_comm.cpp][115][TRC] SS_DU_MGR:SS_DU_OAM_AGNT:CELL_ID:0:EVT_OAM_START_REQUEST
[17/04/2020 05:28:07.091950][EVENT][gnb_du_mgr.cpp][133][TRC] SS_DU_OAM_AGNT:SS_DU_MGR:CELL_ID:0:EVT_OAM_DU_CONFIG_REQUEST
[17/04/2020 05:28:07.091996][DUMGR][gnb_du_mgr.cpp][184][TRC] EVT_OAM_DU_CONFIG_RESPONSE_SENT:CELL_ID:0
[17/04/2020 05:28:07.092011][EVENT][gnb_du_egtp_msg_comm.cpp][129][TRC] SS_DU_MGR:SS_EGTP:CELL_ID:0:EVT_EGTP_INIT_REQUEST
[17/04/2020 05:28:07.106474][EVENT][gnb_du_oam_agent_msg_comm.cpp][115][TRC] SS_DU_MGR:SS_DU_OAM_AGNT:CELL_ID:0:EVT_OAM_DU_CONFIG_RESPONSE
[17/04/2020 05:28:07.106532][EVENT][gnb_du_mgr.cpp][133][TRC] SS_DU_OAM_AGNT:SS_DU_MGR:CELL_ID:0:EVT_OAM_CELL_CONFIG_REQUEST
[17/04/2020 05:28:07.106571][DUMGR][gnb_du_mgr_cell_add_trans.cpp][376][INF] CELL_IS_INACTIVE:CELL_ID:1
[17/04/2020 05:28:07.106572][DUMGR][gnb_du_mgr_cell_add_trans.cpp][380][INF] DU_MGR_CELL_CONFIGURATION_SUCCESS:CELL_ID:1
[17/04/2020 05:28:07.106585][EVENT][gnb_du_sctp_msg_comm.cpp][126][TRC] SS_DU_MGR:SS_SCTP:CELL_ID:0:EVT_SCTP_CONFIG_REQUEST
[17/04/2020 05:28:07.106639][EVENT][gnb_du_oam_agent_msg_comm.cpp][115][TRC] SS_DU_MGR:SS_DU_OAM_AGNT:CELL_ID:0:EVT_OAM_CELL_CONFIG_RESPONSE
[17/04/2020 05:28:07.106651][EVENT][gnb_du_mgr.cpp][133][TRC] SS_SCTP:SS_DU_MGR:CELL_ID:0:EVT_SCTP_CONFIG_RESPONSE
[17/04/2020 05:28:07.106653][DUMGR][gnb_du_mgr.cpp][330][TRC] DU_IS_CONFIGURED
[17/04/2020 05:28:07.106814][EVENT][gnb_du_mgr.cpp][133][TRC] SS_SCTP:SS_DU_MGR:CELL_ID:0:EVT_SCTP_ASSOC_STATUS
[17/04/2020 05:28:07.106818][DUMGR][gnb_du_mgr_cell_add_trans.cpp][325][TRC] EVT_SCTP_ASSOC_STATUS_RECEIVED:DU_SCTP_STATUS:0
[17/04/2020 05:28:07.106894][EVENT][gnb_du_f1ap_msg_comm.cpp][144][TRC] SS_DU_MGR:SS_F1AP:CELL_ID:0:EVT_F1AP_MGMT_MSG_TX
[17/04/2020 05:28:07.106899][F1AP ][gnb_du_f1ap.cpp][659][TRC] DU:CU:UE_ID:0:F1_SETUP_REQUEST
[17/04/2020 05:28:07.106953][F1AP ][gnb_du_f1ap_codec.cpp][188][INF] F1AP_MSG_ENCODE_SUCCESS:F1AP_MSG_BUFFER_SIZE:88
[17/04/2020 05:28:07.106962][EVENT][gnb_du_sctp_msg_comm.cpp][126][TRC] SS_F1AP:SS_SCTP:CELL_ID:0:EVT_SCTP_USER_PAYLOAD_REQUEST
